<?xml version="1.0" encoding="UTF-8"?>
<testng-results skipped="0" failed="0" ignored="0" total="1" passed="1">
  <reporter-output>
  </reporter-output>
  <suite name="Default suite" duration-ms="18208" started-at="2020-05-13T15:30:55Z" finished-at="2020-05-13T15:31:14Z">
    <groups>
    </groups>
    <test name="Default test" duration-ms="18208" started-at="2020-05-13T15:30:55Z" finished-at="2020-05-13T15:31:14Z">
      <class name="com.training.sanity.tests.RTTC_019DeleteSalesOrder">
        <test-method status="PASS" signature="setUpBeforeClass()[pri:0, instance:com.training.sanity.tests.RTTC_019DeleteSalesOrder@3532ec19]" name="setUpBeforeClass" is-config="true" duration-ms="7" started-at="2020-05-13T21:00:55Z" finished-at="2020-05-13T21:00:55Z">
          <reporter-output>
          </reporter-output>
        </test-method> <!-- setUpBeforeClass -->
        <test-method status="PASS" signature="setUp()[pri:0, instance:com.training.sanity.tests.RTTC_019DeleteSalesOrder@3532ec19]" name="setUp" is-config="true" duration-ms="8357" started-at="2020-05-13T21:00:55Z" finished-at="2020-05-13T21:01:04Z">
          <reporter-output>
          </reporter-output>
        </test-method> <!-- setUp -->
        <test-method status="PASS" signature="testMethod()[pri:0, instance:com.training.sanity.tests.RTTC_019DeleteSalesOrder@3532ec19]" name="testMethod" duration-ms="9830" started-at="2020-05-13T21:01:04Z" finished-at="2020-05-13T21:01:14Z">
          <reporter-output>
          </reporter-output>
        </test-method> <!-- testMethod -->
      </class> <!-- com.training.sanity.tests.RTTC_019DeleteSalesOrder -->
    </test> <!-- Default test -->
  </suite> <!-- Default suite -->
</testng-results>
